C51 COMPILER V9.54   MAIN                                                                  11/19/2019 22:47:26 PAGE 1   


C51 COMPILER V9.54, COMPILATION OF MODULE MAIN
OBJECT MODULE PLACED IN main.OBJ
COMPILER INVOKED BY: C:\Keil_v5\C51\BIN\C51.EXE main.c OPTIMIZE(8,SPEED) BROWSE DEBUG OBJECTEXTEND

line level    source

   1          
   2          #include "reg52.h"
   3          #include "intrins.h"
   4          #include "buzz.h"
   5          #include "key.h"
   6          #include "uart.h"
   7          #include "delay.h"
   8          #include "FPM10A.h"
   9          #include "lcd_1602.h"
  10          
  11          void main(void)
  12          {                                                       
  13   1              LCD1602_Init();                 //初始化液晶
  14   1              LCD1602_Display(0x80,"Fingerprint Test",0,16);   //液晶开机显示界面
  15   1              Uart_Init();                    //初始化串口
  16   1              Key_Init();                             //初始化按键
  17   1              Delay_Ms(200);          //延时500MS，等待指纹模块复位
  18   1              Device_Check();                 //校对指纹模块是否接入正确，液晶做出相应的提示
  19   1              Delay_Ms(1000);                 //对接成功界面停留一定时间
  20   1              while(1)
  21   1              {
  22   2                  /**************进入主功能界面****************/
  23   2                      LCD1602_Display(0x80,"  search finger ",0,16);   //第一排显示搜索指纹
  24   2                      LCD1602_Display(0xc0,"  Add     delete",0,16);   //添加和删除指纹
  25   2                      if(local_date==0)
  26   2                      {
  27   3                              LCD1602_Display(0x80,  " *",0,2);
  28   3                              LCD1602_Display(0xc0,  "  ",0,2);
  29   3                              LCD1602_Display(0xc0+8,"  ",0,2);       
  30   3                      }
  31   2                      else if(local_date==1)
  32   2                      {
  33   3                              LCD1602_Display(0x80,  "  ",0,2);
  34   3                              LCD1602_Display(0xc0,  " *",0,2);
  35   3                              LCD1602_Display(0xc0+8,"  ",0,2);       
  36   3                      }
  37   2                      else if(local_date==2)
  38   2                      {
  39   3                              LCD1602_Display(0x80,  "  ",0,2);
  40   3                              LCD1602_Display(0xc0,  "  ",0,2);
  41   3                              LCD1602_Display(0xc0+8," *",0,2);       
  42   3                      }                       
  43   2                      //确认键
  44   2                      if(KEY_OK == 0)
  45   2                      {        
  46   3                              while(KEY_OK == 0);//等待松开按键                                                               
  47   3                              switch(local_date)
  48   3                              {
  49   4                                              case 0:  //搜索指纹                                             
  50   4                                              FPM10A_Find_Fingerprint();                                                                                                                                                                                              
  51   4                                              break;  
  52   4                                              
  53   4                                              case 1:  //添加指纹
  54   4                                              FPM10A_Add_Fingerprint();
  55   4                                              break;                                  
C51 COMPILER V9.54   MAIN                                                                  11/19/2019 22:47:26 PAGE 2   

  56   4                                              
  57   4                                              case 2: //清空指纹
  58   4                                              FPM10A_Delete_All_Fingerprint();
  59   4                                              break;
  60   4                                      }
  61   3                              }
  62   2                          //切换键
  63   2                              if(KEY_DOWN == 0)
  64   2                              {
  65   3                                      while(KEY_DOWN == 0); //等待松开按键                            
  66   3                                      if(local_date<=2)
  67   3                                      {
  68   4                                              local_date++;
  69   4                                              if(local_date==3)
  70   4                                                      local_date=0;                                           
  71   4                                      }               
  72   3                              }                                               
  73   2                              Delay_Ms(100); //延时判断100MS检测一次          
  74   2              }
  75   1      }


MODULE INFORMATION:   STATIC OVERLAYABLE
   CODE SIZE        =    274    ----
   CONSTANT SIZE    =     57    ----
   XDATA SIZE       =   ----    ----
   PDATA SIZE       =   ----    ----
   DATA SIZE        =   ----    ----
   IDATA SIZE       =   ----    ----
   BIT SIZE         =   ----    ----
END OF MODULE INFORMATION.


C51 COMPILATION COMPLETE.  0 WARNING(S),  0 ERROR(S)
