C51 COMPILER V9.54   UART                                                                  11/19/2019 22:47:27 PAGE 1   


C51 COMPILER V9.54, COMPILATION OF MODULE UART
OBJECT MODULE PLACED IN uart.OBJ
COMPILER INVOKED BY: C:\Keil_v5\C51\BIN\C51.EXE uart.c OPTIMIZE(8,SPEED) BROWSE DEBUG OBJECTEXTEND

line level    source

   1          #include "uart.h"
   2          #include <reg52.h>
   3          
   4          void Uart_Init(void)
   5          {
   6   1          SCON=0x50;   //UART方式1:8位UART;   REN=1:允许接收 
   7   1          PCON=0x00;   //SMOD=0:波特率不加倍 
   8   1          TMOD=0x20;   //T1方式2,用于UART波特率 
   9   1          TH1=0xFD; 
  10   1          TL1=0xFD;   //UART波特率设置:FDFD，9600;FFFF,57600
  11   1          TR1=1;       //允许T1计数 
  12   1          EA=1;
  13   1              
  14   1              ES=1;
  15   1              
  16   1      }
  17          
  18          
  19          void Uart_Send_Byte(unsigned char c)//UART Send a byte
  20          {
  21   1              SBUF = c;
  22   1              while(!TI);             //发送完为1 
  23   1              TI = 0;
  24   1      }
  25          
  26          unsigned char Uart_Receive_Byte()//UART Receive a byteg
  27          {       
  28   1              unsigned char dat;
  29   1              while(!RI);      //接收完为1 
  30   1              RI = 0;
  31   1              dat = SBUF;
  32   1              return (dat);
  33   1      }


MODULE INFORMATION:   STATIC OVERLAYABLE
   CODE SIZE        =     38    ----
   CONSTANT SIZE    =   ----    ----
   XDATA SIZE       =   ----    ----
   PDATA SIZE       =   ----    ----
   DATA SIZE        =   ----    ----
   IDATA SIZE       =   ----    ----
   BIT SIZE         =   ----    ----
END OF MODULE INFORMATION.


C51 COMPILATION COMPLETE.  0 WARNING(S),  0 ERROR(S)
